Flow report for cineraria_top
Mon Sep 14 08:13:09 2015
Quartus II 64-Bit Version 15.0.2 Build 153 07/15/2015 SJ Web Edition


---------------------
; Table of Contents ;
---------------------
  1. Legal Notice
  2. Flow Summary
  3. Flow Settings
  4. Flow Non-Default Global Settings
  5. Flow Elapsed Time
  6. Flow OS Summary
  7. Flow Log
  8. Flow Messages
  9. Flow Suppressed Messages



----------------
; Legal Notice ;
----------------
Copyright (C) 1991-2015 Altera Corporation. All rights reserved.
Your use of Altera Corporation's design tools, logic functions 
and other software and tools, and its AMPP partner logic 
functions, and any output files from any of the foregoing 
(including device programming or simulation files), and any 
associated documentation or information are expressly subject 
to the terms and conditions of the Altera Program License 
Subscription Agreement, the Altera Quartus II License Agreement,
the Altera MegaCore Function License Agreement, or other 
applicable license agreement, including, without limitation, 
that your use is for the sole purpose of programming logic 
devices manufactured by Altera and sold by Altera or its 
authorized distributors.  Please refer to the applicable 
agreement for further details.



+------------------------------------------------------------------------------+
; Flow Summary                                                                 ;
+---------------------------------+--------------------------------------------+
; Flow Status                     ; Successful - Mon Sep 14 08:12:18 2015      ;
; Quartus II 64-Bit Version       ; 15.0.2 Build 153 07/15/2015 SJ Web Edition ;
; Revision Name                   ; cineraria_top                              ;
; Top-level Entity Name           ; cineraria_top                              ;
; Family                          ; Cyclone V                                  ;
; Device                          ; 5CEBA4F23C7                                ;
; Timing Models                   ; Final                                      ;
; Logic utilization (in ALMs)     ; 7,973 / 18,480 ( 43 % )                    ;
; Total registers                 ; 12766                                      ;
; Total pins                      ; 181 / 224 ( 81 % )                         ;
; Total virtual pins              ; 0                                          ;
; Total block memory bits         ; 1,205,560 / 3,153,920 ( 38 % )             ;
; Total DSP Blocks                ; 22 / 66 ( 33 % )                           ;
; Total HSSI RX PCSs              ; 0                                          ;
; Total HSSI PMA RX Deserializers ; 0                                          ;
; Total HSSI TX PCSs              ; 0                                          ;
; Total HSSI PMA TX Serializers   ; 0                                          ;
; Total PLLs                      ; 2 / 4 ( 50 % )                             ;
; Total DLLs                      ; 0 / 4 ( 0 % )                              ;
+---------------------------------+--------------------------------------------+


+-----------------------------------------+
; Flow Settings                           ;
+-------------------+---------------------+
; Option            ; Setting             ;
+-------------------+---------------------+
; Start date & time ; 09/14/2015 07:21:17 ;
; Main task         ; Compilation         ;
; Revision Name     ; cineraria_top       ;
+-------------------+---------------------+


+---------------------------------------------------------------------------------------------------------------------------------------------------------------+
; Flow Non-Default Global Settings                                                                                                                              ;
+----------------------------------------------+------------------------------------------------------------------+---------------+----------------+------------+
; Assignment Name                              ; Value                                                            ; Default Value ; Entity Name    ; Section Id ;
+----------------------------------------------+------------------------------------------------------------------+---------------+----------------+------------+
; COMPILER_SIGNATURE_ID                        ; 202818018146334.144218287507324                                  ; --            ; --             ; --         ;
; FITTER_EFFORT                                ; Standard Fit                                                     ; Auto Fit      ; --             ; --         ;
; MAX_CORE_JUNCTION_TEMP                       ; 85                                                               ; --            ; --             ; --         ;
; MIN_CORE_JUNCTION_TEMP                       ; 0                                                                ; --            ; --             ; --         ;
; MISC_FILE                                    ; cineraria_core/synthesis/../cineraria_core.cmp                   ; --            ; --             ; --         ;
; MISC_FILE                                    ; cineraria_core/synthesis/../../cineraria_core.qsys               ; --            ; --             ; --         ;
; MISC_FILE                                    ; pll/syspll.cmp                                                   ; --            ; --             ; --         ;
; MISC_FILE                                    ; pll/syspll_sim/syspll.vo                                         ; --            ; --             ; --         ;
; MISC_FILE                                    ; pll/videopll.cmp                                                 ; --            ; --             ; --         ;
; MISC_FILE                                    ; pll/videopll_sim/videopll.vo                                     ; --            ; --             ; --         ;
; OPTIMIZATION_TECHNIQUE                       ; Speed                                                            ; Balanced      ; --             ; --         ;
; OUTPUT_IO_TIMING_FAR_END_VMEAS               ; Half Signal Swing                                                ; --            ; --             ; --         ;
; OUTPUT_IO_TIMING_FAR_END_VMEAS               ; Half Signal Swing                                                ; --            ; --             ; --         ;
; OUTPUT_IO_TIMING_NEAR_END_VMEAS              ; Half Vccio                                                       ; --            ; --             ; --         ;
; OUTPUT_IO_TIMING_NEAR_END_VMEAS              ; Half Vccio                                                       ; --            ; --             ; --         ;
; PARTITION_COLOR                              ; 16764057                                                         ; --            ; --             ; Top        ;
; PARTITION_FITTER_PRESERVATION_LEVEL          ; PLACEMENT_AND_ROUTING                                            ; --            ; --             ; Top        ;
; PARTITION_NETLIST_TYPE                       ; SOURCE                                                           ; --            ; --             ; Top        ;
; PHYSICAL_SYNTHESIS_COMBO_LOGIC               ; On                                                               ; Off           ; --             ; --         ;
; PHYSICAL_SYNTHESIS_REGISTER_DUPLICATION      ; On                                                               ; Off           ; --             ; --         ;
; PHYSICAL_SYNTHESIS_REGISTER_RETIMING         ; On                                                               ; Off           ; --             ; --         ;
; POWER_BOARD_THERMAL_MODEL                    ; None (CONSERVATIVE)                                              ; --            ; --             ; --         ;
; POWER_PRESET_COOLING_SOLUTION                ; 23 MM HEAT SINK WITH 200 LFPM AIRFLOW                            ; --            ; --             ; --         ;
; PROJECT_OUTPUT_DIRECTORY                     ; output_files                                                     ; --            ; --             ; --         ;
; QII_AUTO_PACKED_REGISTERS                    ; Normal                                                           ; Auto          ; --             ; --         ;
; ROUTER_LCELL_INSERTION_AND_LOGIC_DUPLICATION ; On                                                               ; Auto          ; --             ; --         ;
; ROUTER_TIMING_OPTIMIZATION_LEVEL             ; MAXIMUM                                                          ; Normal        ; --             ; --         ;
; SLD_FILE                                     ; cineraria_core/synthesis/cineraria_core.regmap                   ; --            ; --             ; --         ;
; SLD_FILE                                     ; cineraria_core/synthesis/cineraria_core.debuginfo                ; --            ; --             ; --         ;
; SLD_INFO                                     ; QSYS_NAME cineraria_core HAS_SOPCINFO 1 GENERATION_ID 1441886274 ; --            ; cineraria_core ; --         ;
; SMART_RECOMPILE                              ; On                                                               ; Off           ; --             ; --         ;
; SOPCINFO_FILE                                ; cineraria_core/synthesis/../../cineraria_core.sopcinfo           ; --            ; --             ; --         ;
; SPD_FILE                                     ; pll/syspll.spd                                                   ; --            ; --             ; --         ;
; SPD_FILE                                     ; pll/videopll.spd                                                 ; --            ; --             ; --         ;
; SYNTHESIS_ONLY_QIP                           ; On                                                               ; --            ; --             ; --         ;
; SYNTHESIS_ONLY_QIP                           ; On                                                               ; --            ; --             ; --         ;
; SYNTHESIS_ONLY_QIP                           ; On                                                               ; --            ; --             ; --         ;
+----------------------------------------------+------------------------------------------------------------------+---------------+----------------+------------+


+-------------------------------------------------------------------------------------------------------------------------------+
; Flow Elapsed Time                                                                                                             ;
+---------------------------+--------------+-------------------------+---------------------+------------------------------------+
; Module Name               ; Elapsed Time ; Average Processors Used ; Peak Virtual Memory ; Total CPU Time (on all processors) ;
+---------------------------+--------------+-------------------------+---------------------+------------------------------------+
; Analysis & Synthesis      ; 00:01:42     ; 1.5                     ; 1409 MB             ; 00:02:49                           ;
; Fitter                    ; 00:07:02     ; 1.8                     ; 2811 MB             ; 00:12:02                           ;
; Assembler                 ; 00:00:15     ; 1.0                     ; 923 MB              ; 00:00:15                           ;
; TimeQuest Timing Analyzer ; 00:00:48     ; 2.3                     ; 1502 MB             ; 00:01:42                           ;
; Fitter                    ; 00:07:02     ; 1.8                     ; 2856 MB             ; 00:11:57                           ;
; Assembler                 ; 00:00:14     ; 1.0                     ; 922 MB              ; 00:00:15                           ;
; TimeQuest Timing Analyzer ; 00:00:48     ; 2.2                     ; 1501 MB             ; 00:01:41                           ;
; Total                     ; 00:17:51     ; --                      ; --                  ; 00:30:41                           ;
+---------------------------+--------------+-------------------------+---------------------+------------------------------------+


+----------------------------------------------------------------------------------------+
; Flow OS Summary                                                                        ;
+---------------------------+------------------+-----------+------------+----------------+
; Module Name               ; Machine Hostname ; OS Name   ; OS Version ; Processor type ;
+---------------------------+------------------+-----------+------------+----------------+
; Analysis & Synthesis      ; BRUENNHILDE      ; Windows 7 ; 6.2        ; x86_64         ;
; Fitter                    ; BRUENNHILDE      ; Windows 7 ; 6.2        ; x86_64         ;
; Assembler                 ; BRUENNHILDE      ; Windows 7 ; 6.2        ; x86_64         ;
; TimeQuest Timing Analyzer ; BRUENNHILDE      ; Windows 7 ; 6.2        ; x86_64         ;
; Fitter                    ; BRUENNHILDE      ; Windows 7 ; 6.2        ; x86_64         ;
; Assembler                 ; BRUENNHILDE      ; Windows 7 ; 6.2        ; x86_64         ;
; TimeQuest Timing Analyzer ; BRUENNHILDE      ; Windows 7 ; 6.2        ; x86_64         ;
+---------------------------+------------------+-----------+------------+----------------+


------------
; Flow Log ;
------------
quartus_map --read_settings_files=on --write_settings_files=off cineraria_top -c cineraria_top
quartus_fit --read_settings_files=off --write_settings_files=off cineraria_top -c cineraria_top
quartus_asm --read_settings_files=off --write_settings_files=off cineraria_top -c cineraria_top
quartus_sta cineraria_top -c cineraria_top
quartus_fit --read_settings_files=on --write_settings_files=off cineraria_top -c cineraria_top
quartus_asm --read_settings_files=off --write_settings_files=off cineraria_top -c cineraria_top
quartus_sta cineraria_top -c cineraria_top



