Assembler report for cineraria_top
Mon Sep 14 08:12:18 2015
Quartus II 64-Bit Version 15.0.2 Build 153 07/15/2015 SJ Web Edition


---------------------
; Table of Contents ;
---------------------
  1. Legal Notice
  2. Assembler Summary
  3. Assembler Settings
  4. Assembler Encrypted IP Cores Summary
  5. Assembler Generated Files
  6. Assembler Device Options: C:/PROJECT/cq_viola/cineraria_de0cv/output_files/cineraria_top.sof
  7. Assembler Device Options: C:/PROJECT/cq_viola/cineraria_de0cv/output_files/cineraria_top.pof
  8. Assembler Messages



----------------
; Legal Notice ;
----------------
Copyright (C) 1991-2015 Altera Corporation. All rights reserved.
Your use of Altera Corporation's design tools, logic functions 
and other software and tools, and its AMPP partner logic 
functions, and any output files from any of the foregoing 
(including device programming or simulation files), and any 
associated documentation or information are expressly subject 
to the terms and conditions of the Altera Program License 
Subscription Agreement, the Altera Quartus II License Agreement,
the Altera MegaCore Function License Agreement, or other 
applicable license agreement, including, without limitation, 
that your use is for the sole purpose of programming logic 
devices manufactured by Altera and sold by Altera or its 
authorized distributors.  Please refer to the applicable 
agreement for further details.



+---------------------------------------------------------------+
; Assembler Summary                                             ;
+-----------------------+---------------------------------------+
; Assembler Status      ; Successful - Mon Sep 14 08:12:18 2015 ;
; Revision Name         ; cineraria_top                         ;
; Top-level Entity Name ; cineraria_top                         ;
; Family                ; Cyclone V                             ;
; Device                ; 5CEBA4F23C7                           ;
+-----------------------+---------------------------------------+


+----------------------------------+
; Assembler Settings               ;
+--------+---------+---------------+
; Option ; Setting ; Default Value ;
+--------+---------+---------------+


+-------------------------------------------------------+
; Assembler Encrypted IP Cores Summary                  ;
+--------+-------------------------------+--------------+
; Vendor ; IP Core Name                  ; License Type ;
+--------+-------------------------------+--------------+
; Altera ; Nios II Processor (6AF7 00A2) ; Licensed     ;
; Altera ; Signal Tap (6AF7 BCE1)        ; Licensed     ;
; Altera ; Signal Tap (6AF7 BCEC)        ; Licensed     ;
+--------+-------------------------------+--------------+


+--------------------------------------------------------------------+
; Assembler Generated Files                                          ;
+--------------------------------------------------------------------+
; File Name                                                          ;
+--------------------------------------------------------------------+
; C:/PROJECT/cq_viola/cineraria_de0cv/output_files/cineraria_top.sof ;
; C:/PROJECT/cq_viola/cineraria_de0cv/output_files/cineraria_top.pof ;
+--------------------------------------------------------------------+


+----------------------------------------------------------------------------------------------+
; Assembler Device Options: C:/PROJECT/cq_viola/cineraria_de0cv/output_files/cineraria_top.sof ;
+----------------+-----------------------------------------------------------------------------+
; Option         ; Setting                                                                     ;
+----------------+-----------------------------------------------------------------------------+
; Device         ; 5CEBA4F23C7                                                                 ;
; JTAG usercode  ; 0xA0150914                                                                  ;
; Checksum       ; 0x04CF4B13                                                                  ;
+----------------+-----------------------------------------------------------------------------+


+----------------------------------------------------------------------------------------------+
; Assembler Device Options: C:/PROJECT/cq_viola/cineraria_de0cv/output_files/cineraria_top.pof ;
+--------------------+-------------------------------------------------------------------------+
; Option             ; Setting                                                                 ;
+--------------------+-------------------------------------------------------------------------+
; Device             ; EPCS64                                                                  ;
; JTAG usercode      ; 0x00000000                                                              ;
; Checksum           ; 0x70B7B68B                                                              ;
; Compression Ratio  ; 1                                                                       ;
+--------------------+-------------------------------------------------------------------------+


+--------------------+
; Assembler Messages ;
+--------------------+
Info: *******************************************************************
Info: Running Quartus II 64-Bit Assembler
    Info: Version 15.0.2 Build 153 07/15/2015 SJ Web Edition
    Info: Processing started: Mon Sep 14 08:12:04 2015
Info: Command: quartus_asm --read_settings_files=off --write_settings_files=off cineraria_top -c cineraria_top
Info (115030): Assembler is generating device programming files
Info: Quartus II 64-Bit Assembler was successful. 0 errors, 0 warnings
    Info: Peak virtual memory: 922 megabytes
    Info: Processing ended: Mon Sep 14 08:12:19 2015
    Info: Elapsed time: 00:00:15
    Info: Total CPU time (on all processors): 00:00:15


